2014-06-22 01:07:01,871 WARN org.apache.hadoop.util.NativeCodeLoader: Unable to load native-hadoop library for your platform... using builtin-java classes where applicable
2014-06-22 01:07:02,736 INFO org.apache.hadoop.conf.Configuration.deprecation: mapred.input.dir.recursive is deprecated. Instead, use mapreduce.input.fileinputformat.input.dir.recursive
2014-06-22 01:07:02,744 INFO org.apache.hadoop.conf.Configuration.deprecation: mapred.max.split.size is deprecated. Instead, use mapreduce.input.fileinputformat.split.maxsize
2014-06-22 01:07:02,744 INFO org.apache.hadoop.conf.Configuration.deprecation: mapred.min.split.size is deprecated. Instead, use mapreduce.input.fileinputformat.split.minsize
2014-06-22 01:07:02,745 INFO org.apache.hadoop.conf.Configuration.deprecation: mapred.min.split.size.per.rack is deprecated. Instead, use mapreduce.input.fileinputformat.split.minsize.per.rack
2014-06-22 01:07:02,745 INFO org.apache.hadoop.conf.Configuration.deprecation: mapred.min.split.size.per.node is deprecated. Instead, use mapreduce.input.fileinputformat.split.minsize.per.node
2014-06-22 01:07:02,745 INFO org.apache.hadoop.conf.Configuration.deprecation: mapred.reduce.tasks is deprecated. Instead, use mapreduce.job.reduces
2014-06-22 01:07:02,745 INFO org.apache.hadoop.conf.Configuration.deprecation: mapred.reduce.tasks.speculative.execution is deprecated. Instead, use mapreduce.reduce.speculative
2014-06-22 01:07:03,324 WARN org.apache.hadoop.hive.conf.HiveConf: DEPRECATED: Configuration property hive.metastore.local no longer has any effect. Make sure to provide a valid value for hive.metastore.uris if you are connecting to a remote metastore.
2014-06-22 01:07:03,773 INFO hive.metastore: Trying to connect to metastore with URI thrift://localhost.localdomain:9083
2014-06-22 01:07:03,938 INFO hive.metastore: Connected to metastore.
2014-06-22 01:07:04,230 INFO org.apache.hadoop.conf.Configuration.deprecation: mapred.output.dir is deprecated. Instead, use mapreduce.output.fileoutputformat.outputdir
2014-06-22 01:07:05,012 INFO org.apache.hadoop.conf.Configuration.deprecation: session.id is deprecated. Instead, use dfs.metrics.session-id
2014-06-22 01:07:05,014 INFO org.apache.hadoop.metrics.jvm.JvmMetrics: Initializing JVM Metrics with processName=JobTracker, sessionId=
2014-06-22 01:07:05,203 WARN org.apache.hadoop.hive.conf.HiveConf: DEPRECATED: Configuration property hive.metastore.local no longer has any effect. Make sure to provide a valid value for hive.metastore.uris if you are connecting to a remote metastore.
2014-06-22 01:07:05,651 WARN org.apache.hadoop.mapreduce.JobSubmitter: Hadoop command-line option parsing not performed. Implement the Tool interface and execute your application with ToolRunner to remedy this.
2014-06-22 01:07:05,669 WARN org.apache.hadoop.mapreduce.JobSubmitter: No job jar file set.  User classes may not be found. See Job or Job#setJar(String).
2014-06-22 01:07:05,695 INFO org.apache.hadoop.mapreduce.lib.input.FileInputFormat: Total input paths to process : 2
2014-06-22 01:07:05,746 INFO org.apache.hadoop.mapreduce.JobSubmitter: number of splits:2
2014-06-22 01:07:05,924 INFO org.apache.hadoop.mapreduce.JobSubmitter: Submitting tokens for job: job_local536831469_0001
2014-06-22 01:07:06,002 WARN org.apache.hadoop.conf.Configuration: file:/tmp/hadoop-cloudera/mapred/staging/cloudera536831469/.staging/job_local536831469_0001/job.xml:an attempt to override final parameter: mapreduce.job.end-notification.max.retry.interval;  Ignoring.
2014-06-22 01:07:06,003 WARN org.apache.hadoop.conf.Configuration: file:/tmp/hadoop-cloudera/mapred/staging/cloudera536831469/.staging/job_local536831469_0001/job.xml:an attempt to override final parameter: mapreduce.job.end-notification.max.attempts;  Ignoring.
2014-06-22 01:07:06,720 WARN org.apache.hadoop.conf.Configuration: file:/tmp/hadoop-cloudera/mapred/local/localRunner/cloudera/job_local536831469_0001/job_local536831469_0001.xml:an attempt to override final parameter: mapreduce.job.end-notification.max.retry.interval;  Ignoring.
2014-06-22 01:07:06,729 WARN org.apache.hadoop.conf.Configuration: file:/tmp/hadoop-cloudera/mapred/local/localRunner/cloudera/job_local536831469_0001/job_local536831469_0001.xml:an attempt to override final parameter: mapreduce.job.end-notification.max.attempts;  Ignoring.
2014-06-22 01:07:06,749 INFO org.apache.hadoop.mapreduce.Job: The url to track the job: http://localhost:8080/
2014-06-22 01:07:06,760 INFO org.apache.hadoop.mapred.LocalJobRunner: OutputCommitter set in config null
2014-06-22 01:07:06,796 INFO org.apache.hadoop.conf.Configuration.deprecation: mapred.output.dir is deprecated. Instead, use mapreduce.output.fileoutputformat.outputdir
2014-06-22 01:07:06,803 INFO org.apache.hadoop.conf.Configuration.deprecation: mapred.work.output.dir is deprecated. Instead, use mapreduce.task.output.dir
2014-06-22 01:07:06,832 INFO org.apache.hadoop.mapred.LocalJobRunner: OutputCommitter is org.apache.hive.hcatalog.mapreduce.FileOutputCommitterContainer
2014-06-22 01:07:07,168 INFO org.apache.hadoop.mapred.LocalJobRunner: Waiting for map tasks
2014-06-22 01:07:07,170 INFO org.apache.hadoop.mapred.LocalJobRunner: Starting task: attempt_local536831469_0001_m_000000_0
2014-06-22 01:07:07,275 INFO org.apache.hadoop.mapred.Task:  Using ResourceCalculatorProcessTree : [ ]
2014-06-22 01:07:07,278 INFO org.apache.hadoop.mapred.MapTask: Processing split: file:/home/cloudera/git/synonym-search-hadoop/SynonymMapReduce/input/th_en_US_new_dictionary.txt:0+11942849
2014-06-22 01:07:07,293 INFO org.apache.hadoop.mapred.MapTask: Map output collector class = org.apache.hadoop.mapred.MapTask$MapOutputBuffer
2014-06-22 01:07:07,331 INFO org.apache.hadoop.mapred.MapTask: (EQUATOR) 0 kvi 26214396(104857584)
2014-06-22 01:07:07,332 INFO org.apache.hadoop.mapred.MapTask: mapreduce.task.io.sort.mb: 100
2014-06-22 01:07:07,332 INFO org.apache.hadoop.mapred.MapTask: soft limit at 83886080
2014-06-22 01:07:07,332 INFO org.apache.hadoop.mapred.MapTask: bufstart = 0; bufvoid = 104857600
2014-06-22 01:07:07,332 INFO org.apache.hadoop.mapred.MapTask: kvstart = 26214396; length = 6553600
2014-06-22 01:07:07,963 INFO org.apache.hadoop.mapred.LocalJobRunner: 
2014-06-22 01:07:07,968 INFO org.apache.hadoop.mapred.MapTask: Starting flush of map output
2014-06-22 01:07:07,998 INFO org.apache.hadoop.mapred.Task: Task:attempt_local536831469_0001_m_000000_0 is done. And is in the process of committing
2014-06-22 01:07:08,037 INFO org.apache.hadoop.mapred.LocalJobRunner: 
2014-06-22 01:07:08,037 INFO org.apache.hadoop.mapred.Task: Task attempt_local536831469_0001_m_000000_0 is allowed to commit now
2014-06-22 01:07:08,060 WARN org.apache.hadoop.mapreduce.lib.output.FileOutputCommitter: No Output found for attempt_local536831469_0001_m_000000_0
2014-06-22 01:07:08,062 INFO org.apache.hadoop.mapred.LocalJobRunner: map
2014-06-22 01:07:08,063 INFO org.apache.hadoop.mapred.Task: Task 'attempt_local536831469_0001_m_000000_0' done.
2014-06-22 01:07:08,064 INFO org.apache.hadoop.mapred.LocalJobRunner: Finishing task: attempt_local536831469_0001_m_000000_0
2014-06-22 01:07:08,065 INFO org.apache.hadoop.mapred.LocalJobRunner: Starting task: attempt_local536831469_0001_m_000001_0
2014-06-22 01:07:08,090 INFO org.apache.hadoop.mapred.Task:  Using ResourceCalculatorProcessTree : [ ]
2014-06-22 01:07:08,093 INFO org.apache.hadoop.mapred.MapTask: Processing split: file:/home/cloudera/git/synonym-search-hadoop/SynonymMapReduce/input/dictionary1:0+1408980
2014-06-22 01:07:08,093 INFO org.apache.hadoop.mapred.MapTask: Map output collector class = org.apache.hadoop.mapred.MapTask$MapOutputBuffer
2014-06-22 01:07:08,127 INFO org.apache.hadoop.mapred.MapTask: (EQUATOR) 0 kvi 26214396(104857584)
2014-06-22 01:07:08,127 INFO org.apache.hadoop.mapred.MapTask: mapreduce.task.io.sort.mb: 100
2014-06-22 01:07:08,127 INFO org.apache.hadoop.mapred.MapTask: soft limit at 83886080
2014-06-22 01:07:08,127 INFO org.apache.hadoop.mapred.MapTask: bufstart = 0; bufvoid = 104857600
2014-06-22 01:07:08,127 INFO org.apache.hadoop.mapred.MapTask: kvstart = 26214396; length = 6553600
2014-06-22 01:07:08,284 INFO org.apache.hadoop.mapred.LocalJobRunner: 
2014-06-22 01:07:08,285 INFO org.apache.hadoop.mapred.MapTask: Starting flush of map output
2014-06-22 01:07:08,285 INFO org.apache.hadoop.mapred.MapTask: Spilling map output
2014-06-22 01:07:08,285 INFO org.apache.hadoop.mapred.MapTask: bufstart = 0; bufend = 145; bufvoid = 104857600
2014-06-22 01:07:08,285 INFO org.apache.hadoop.mapred.MapTask: kvstart = 26214396(104857584); kvend = 26214368(104857472); length = 29/6553600
2014-06-22 01:07:08,293 INFO org.apache.hadoop.mapred.MapTask: Finished spill 0
2014-06-22 01:07:08,296 INFO org.apache.hadoop.mapred.Task: Task:attempt_local536831469_0001_m_000001_0 is done. And is in the process of committing
2014-06-22 01:07:08,301 INFO org.apache.hadoop.mapred.LocalJobRunner: 
2014-06-22 01:07:08,303 INFO org.apache.hadoop.mapred.Task: Task attempt_local536831469_0001_m_000001_0 is allowed to commit now
2014-06-22 01:07:08,305 WARN org.apache.hadoop.mapreduce.lib.output.FileOutputCommitter: No Output found for attempt_local536831469_0001_m_000001_0
2014-06-22 01:07:08,306 INFO org.apache.hadoop.mapred.LocalJobRunner: map
2014-06-22 01:07:08,306 INFO org.apache.hadoop.mapred.Task: Task 'attempt_local536831469_0001_m_000001_0' done.
2014-06-22 01:07:08,307 INFO org.apache.hadoop.mapred.LocalJobRunner: Finishing task: attempt_local536831469_0001_m_000001_0
2014-06-22 01:07:08,307 INFO org.apache.hadoop.mapred.LocalJobRunner: map task executor complete.
2014-06-22 01:07:08,311 INFO org.apache.hadoop.mapred.LocalJobRunner: Waiting for reduce tasks
2014-06-22 01:07:08,315 INFO org.apache.hadoop.mapred.LocalJobRunner: Starting task: attempt_local536831469_0001_r_000000_0
2014-06-22 01:07:08,380 INFO org.apache.hadoop.mapred.Task:  Using ResourceCalculatorProcessTree : [ ]
2014-06-22 01:07:08,390 INFO org.apache.hadoop.mapred.ReduceTask: Using ShuffleConsumerPlugin: org.apache.hadoop.mapreduce.task.reduce.Shuffle@5fa8b8c1
2014-06-22 01:07:08,432 INFO org.apache.hadoop.mapreduce.task.reduce.MergeManagerImpl: MergerManager: memoryLimit=1284138624, maxSingleShuffleLimit=321034656, mergeThreshold=847531520, ioSortFactor=10, memToMemMergeOutputsThreshold=10
2014-06-22 01:07:08,455 INFO org.apache.hadoop.mapreduce.task.reduce.EventFetcher: attempt_local536831469_0001_r_000000_0 Thread started: EventFetcher for fetching Map Completion Events
2014-06-22 01:07:08,513 INFO org.apache.hadoop.mapreduce.task.reduce.LocalFetcher: localfetcher#1 about to shuffle output of map attempt_local536831469_0001_m_000000_0 decomp: 2 len: 6 to MEMORY
2014-06-22 01:07:08,518 INFO org.apache.hadoop.mapreduce.task.reduce.InMemoryMapOutput: Read 2 bytes from map-output for attempt_local536831469_0001_m_000000_0
2014-06-22 01:07:08,526 INFO org.apache.hadoop.mapreduce.task.reduce.MergeManagerImpl: closeInMemoryFile -> map-output of size: 2, inMemoryMapOutputs.size() -> 1, commitMemory -> 0, usedMemory ->2
2014-06-22 01:07:08,528 INFO org.apache.hadoop.mapreduce.task.reduce.LocalFetcher: localfetcher#1 about to shuffle output of map attempt_local536831469_0001_m_000001_0 decomp: 163 len: 167 to MEMORY
2014-06-22 01:07:08,530 INFO org.apache.hadoop.mapreduce.task.reduce.InMemoryMapOutput: Read 163 bytes from map-output for attempt_local536831469_0001_m_000001_0
2014-06-22 01:07:08,530 INFO org.apache.hadoop.mapreduce.task.reduce.MergeManagerImpl: closeInMemoryFile -> map-output of size: 163, inMemoryMapOutputs.size() -> 2, commitMemory -> 2, usedMemory ->165
2014-06-22 01:07:08,530 INFO org.apache.hadoop.mapreduce.task.reduce.EventFetcher: EventFetcher is interrupted.. Returning
2014-06-22 01:07:08,532 INFO org.apache.hadoop.mapred.LocalJobRunner: 2 / 2 copied.
2014-06-22 01:07:08,533 INFO org.apache.hadoop.mapreduce.task.reduce.MergeManagerImpl: finalMerge called with 2 in-memory map-outputs and 0 on-disk map-outputs
2014-06-22 01:07:08,548 INFO org.apache.hadoop.mapred.Merger: Merging 2 sorted segments
2014-06-22 01:07:08,557 INFO org.apache.hadoop.mapred.Merger: Down to the last merge-pass, with 1 segments left of total size: 151 bytes
2014-06-22 01:07:08,558 INFO org.apache.hadoop.mapreduce.task.reduce.MergeManagerImpl: Merged 2 segments, 165 bytes to disk to satisfy reduce memory limit
2014-06-22 01:07:08,558 INFO org.apache.hadoop.mapreduce.task.reduce.MergeManagerImpl: Merging 1 files, 167 bytes from disk
2014-06-22 01:07:08,559 INFO org.apache.hadoop.mapreduce.task.reduce.MergeManagerImpl: Merging 0 segments, 0 bytes from memory into reduce
2014-06-22 01:07:08,559 INFO org.apache.hadoop.mapred.Merger: Merging 1 sorted segments
2014-06-22 01:07:08,560 INFO org.apache.hadoop.mapred.Merger: Down to the last merge-pass, with 1 segments left of total size: 151 bytes
2014-06-22 01:07:08,560 INFO org.apache.hadoop.mapred.LocalJobRunner: 2 / 2 copied.
2014-06-22 01:07:08,578 INFO org.apache.hadoop.conf.Configuration.deprecation: mapred.output.key.class is deprecated. Instead, use mapreduce.job.output.key.class
2014-06-22 01:07:08,583 INFO org.apache.hadoop.conf.Configuration.deprecation: mapred.output.value.class is deprecated. Instead, use mapreduce.job.output.value.class
2014-06-22 01:07:08,921 INFO org.apache.hadoop.conf.Configuration.deprecation: mapred.skip.on is deprecated. Instead, use mapreduce.job.skiprecords
2014-06-22 01:07:09,459 INFO org.apache.hadoop.mapred.LocalJobRunner: reduce task executor complete.
2014-06-22 01:07:09,482 INFO org.apache.hive.hcatalog.mapreduce.FileOutputCommitterContainer: Job failed. Try cleaning up temporary directory [hdfs://localhost.localdomain:8020/user/hive/warehouse/synonym/_TEMP].
2014-06-22 01:07:09,488 INFO org.apache.hive.hcatalog.mapreduce.FileOutputCommitterContainer: Cancelling deletgation token for the job.
2014-06-22 01:07:09,573 WARN org.apache.hadoop.conf.Configuration: file:/tmp/hadoop-cloudera/mapred/local/localRunner/cloudera/job_local536831469_0001/job_local536831469_0001.xml:an attempt to override final parameter: mapreduce.job.end-notification.max.retry.interval;  Ignoring.
2014-06-22 01:07:09,580 WARN org.apache.hadoop.conf.Configuration: file:/tmp/hadoop-cloudera/mapred/local/localRunner/cloudera/job_local536831469_0001/job_local536831469_0001.xml:an attempt to override final parameter: mapreduce.job.end-notification.max.attempts;  Ignoring.
2014-06-22 01:07:09,585 WARN org.apache.hadoop.hive.conf.HiveConf: DEPRECATED: Configuration property hive.metastore.local no longer has any effect. Make sure to provide a valid value for hive.metastore.uris if you are connecting to a remote metastore.
2014-06-22 01:07:09,615 INFO hive.metastore: Trying to connect to metastore with URI thrift://localhost.localdomain:9083
2014-06-22 01:07:09,629 INFO hive.metastore: Connected to metastore.
2014-06-22 01:07:09,645 WARN org.apache.hadoop.mapred.LocalJobRunner: job_local536831469_0001
java.lang.Exception: java.lang.IndexOutOfBoundsException: Index: 1, Size: 1
	at org.apache.hadoop.mapred.LocalJobRunner$Job.runTasks(LocalJobRunner.java:462)
	at org.apache.hadoop.mapred.LocalJobRunner$Job.run(LocalJobRunner.java:529)
Caused by: java.lang.IndexOutOfBoundsException: Index: 1, Size: 1
	at java.util.ArrayList.rangeCheck(ArrayList.java:635)
	at java.util.ArrayList.set(ArrayList.java:426)
	at org.apache.hive.hcatalog.data.DefaultHCatRecord.set(DefaultHCatRecord.java:67)
	at synonymSearchEngine.mapReduce.SynonymReducer.reduce(SynonymReducer.java:51)
	at synonymSearchEngine.mapReduce.SynonymReducer.reduce(SynonymReducer.java:1)
	at org.apache.hadoop.mapreduce.Reducer.run(Reducer.java:171)
	at org.apache.hadoop.mapred.ReduceTask.runNewReducer(ReduceTask.java:627)
	at org.apache.hadoop.mapred.ReduceTask.run(ReduceTask.java:389)
	at org.apache.hadoop.mapred.LocalJobRunner$Job$ReduceTaskRunnable.run(LocalJobRunner.java:319)
	at java.util.concurrent.Executors$RunnableAdapter.call(Executors.java:471)
	at java.util.concurrent.FutureTask.run(FutureTask.java:262)
	at java.util.concurrent.ThreadPoolExecutor.runWorker(ThreadPoolExecutor.java:1145)
	at java.util.concurrent.ThreadPoolExecutor$Worker.run(ThreadPoolExecutor.java:615)
	at java.lang.Thread.run(Thread.java:744)
2014-06-22 01:08:15,847 WARN org.apache.hadoop.util.NativeCodeLoader: Unable to load native-hadoop library for your platform... using builtin-java classes where applicable
2014-06-22 01:08:16,827 INFO org.apache.hadoop.conf.Configuration.deprecation: mapred.input.dir.recursive is deprecated. Instead, use mapreduce.input.fileinputformat.input.dir.recursive
2014-06-22 01:08:16,828 INFO org.apache.hadoop.conf.Configuration.deprecation: mapred.max.split.size is deprecated. Instead, use mapreduce.input.fileinputformat.split.maxsize
2014-06-22 01:08:16,828 INFO org.apache.hadoop.conf.Configuration.deprecation: mapred.min.split.size is deprecated. Instead, use mapreduce.input.fileinputformat.split.minsize
2014-06-22 01:08:16,828 INFO org.apache.hadoop.conf.Configuration.deprecation: mapred.min.split.size.per.rack is deprecated. Instead, use mapreduce.input.fileinputformat.split.minsize.per.rack
2014-06-22 01:08:16,828 INFO org.apache.hadoop.conf.Configuration.deprecation: mapred.min.split.size.per.node is deprecated. Instead, use mapreduce.input.fileinputformat.split.minsize.per.node
2014-06-22 01:08:16,828 INFO org.apache.hadoop.conf.Configuration.deprecation: mapred.reduce.tasks is deprecated. Instead, use mapreduce.job.reduces
2014-06-22 01:08:16,828 INFO org.apache.hadoop.conf.Configuration.deprecation: mapred.reduce.tasks.speculative.execution is deprecated. Instead, use mapreduce.reduce.speculative
2014-06-22 01:08:17,557 WARN org.apache.hadoop.hive.conf.HiveConf: DEPRECATED: Configuration property hive.metastore.local no longer has any effect. Make sure to provide a valid value for hive.metastore.uris if you are connecting to a remote metastore.
2014-06-22 01:08:18,083 INFO hive.metastore: Trying to connect to metastore with URI thrift://localhost.localdomain:9083
2014-06-22 01:08:18,161 INFO hive.metastore: Connected to metastore.
2014-06-22 01:08:18,441 INFO org.apache.hadoop.conf.Configuration.deprecation: mapred.output.dir is deprecated. Instead, use mapreduce.output.fileoutputformat.outputdir
2014-06-22 01:08:19,164 INFO org.apache.hadoop.conf.Configuration.deprecation: session.id is deprecated. Instead, use dfs.metrics.session-id
2014-06-22 01:08:19,200 INFO org.apache.hadoop.metrics.jvm.JvmMetrics: Initializing JVM Metrics with processName=JobTracker, sessionId=
2014-06-22 01:08:19,412 WARN org.apache.hadoop.hive.conf.HiveConf: DEPRECATED: Configuration property hive.metastore.local no longer has any effect. Make sure to provide a valid value for hive.metastore.uris if you are connecting to a remote metastore.
2014-06-22 01:08:19,972 WARN org.apache.hadoop.mapreduce.JobSubmitter: Hadoop command-line option parsing not performed. Implement the Tool interface and execute your application with ToolRunner to remedy this.
2014-06-22 01:08:19,993 WARN org.apache.hadoop.mapreduce.JobSubmitter: No job jar file set.  User classes may not be found. See Job or Job#setJar(String).
2014-06-22 01:08:20,031 INFO org.apache.hadoop.mapreduce.lib.input.FileInputFormat: Total input paths to process : 2
2014-06-22 01:08:20,129 INFO org.apache.hadoop.mapreduce.JobSubmitter: number of splits:2
2014-06-22 01:08:20,302 INFO org.apache.hadoop.mapreduce.JobSubmitter: Submitting tokens for job: job_local70582660_0001
2014-06-22 01:08:20,402 WARN org.apache.hadoop.conf.Configuration: file:/tmp/hadoop-cloudera/mapred/staging/cloudera70582660/.staging/job_local70582660_0001/job.xml:an attempt to override final parameter: mapreduce.job.end-notification.max.retry.interval;  Ignoring.
2014-06-22 01:08:20,403 WARN org.apache.hadoop.conf.Configuration: file:/tmp/hadoop-cloudera/mapred/staging/cloudera70582660/.staging/job_local70582660_0001/job.xml:an attempt to override final parameter: mapreduce.job.end-notification.max.attempts;  Ignoring.
2014-06-22 01:08:20,693 WARN org.apache.hadoop.conf.Configuration: file:/tmp/hadoop-cloudera/mapred/local/localRunner/cloudera/job_local70582660_0001/job_local70582660_0001.xml:an attempt to override final parameter: mapreduce.job.end-notification.max.retry.interval;  Ignoring.
2014-06-22 01:08:20,698 WARN org.apache.hadoop.conf.Configuration: file:/tmp/hadoop-cloudera/mapred/local/localRunner/cloudera/job_local70582660_0001/job_local70582660_0001.xml:an attempt to override final parameter: mapreduce.job.end-notification.max.attempts;  Ignoring.
2014-06-22 01:08:20,724 INFO org.apache.hadoop.mapreduce.Job: The url to track the job: http://localhost:8080/
2014-06-22 01:08:20,731 INFO org.apache.hadoop.mapred.LocalJobRunner: OutputCommitter set in config null
2014-06-22 01:08:20,772 INFO org.apache.hadoop.conf.Configuration.deprecation: mapred.output.dir is deprecated. Instead, use mapreduce.output.fileoutputformat.outputdir
2014-06-22 01:08:20,787 INFO org.apache.hadoop.conf.Configuration.deprecation: mapred.work.output.dir is deprecated. Instead, use mapreduce.task.output.dir
2014-06-22 01:08:20,797 INFO org.apache.hadoop.mapred.LocalJobRunner: OutputCommitter is org.apache.hive.hcatalog.mapreduce.FileOutputCommitterContainer
2014-06-22 01:08:20,989 INFO org.apache.hadoop.mapred.LocalJobRunner: Waiting for map tasks
2014-06-22 01:08:20,990 INFO org.apache.hadoop.mapred.LocalJobRunner: Starting task: attempt_local70582660_0001_m_000000_0
2014-06-22 01:08:21,081 INFO org.apache.hadoop.mapred.Task:  Using ResourceCalculatorProcessTree : [ ]
2014-06-22 01:08:21,085 INFO org.apache.hadoop.mapred.MapTask: Processing split: file:/home/cloudera/git/synonym-search-hadoop/SynonymMapReduce/input/th_en_US_new_dictionary.txt:0+11942849
2014-06-22 01:08:21,101 INFO org.apache.hadoop.mapred.MapTask: Map output collector class = org.apache.hadoop.mapred.MapTask$MapOutputBuffer
2014-06-22 01:08:21,143 INFO org.apache.hadoop.mapred.MapTask: (EQUATOR) 0 kvi 26214396(104857584)
2014-06-22 01:08:21,144 INFO org.apache.hadoop.mapred.MapTask: mapreduce.task.io.sort.mb: 100
2014-06-22 01:08:21,144 INFO org.apache.hadoop.mapred.MapTask: soft limit at 83886080
2014-06-22 01:08:21,144 INFO org.apache.hadoop.mapred.MapTask: bufstart = 0; bufvoid = 104857600
2014-06-22 01:08:21,144 INFO org.apache.hadoop.mapred.MapTask: kvstart = 26214396; length = 6553600
2014-06-22 01:08:21,844 INFO org.apache.hadoop.mapred.LocalJobRunner: 
2014-06-22 01:08:21,844 INFO org.apache.hadoop.mapred.MapTask: Starting flush of map output
2014-06-22 01:08:21,855 INFO org.apache.hadoop.mapred.Task: Task:attempt_local70582660_0001_m_000000_0 is done. And is in the process of committing
2014-06-22 01:08:21,878 INFO org.apache.hadoop.mapred.LocalJobRunner: 
2014-06-22 01:08:21,878 INFO org.apache.hadoop.mapred.Task: Task attempt_local70582660_0001_m_000000_0 is allowed to commit now
2014-06-22 01:08:21,889 WARN org.apache.hadoop.mapreduce.lib.output.FileOutputCommitter: No Output found for attempt_local70582660_0001_m_000000_0
2014-06-22 01:08:21,892 INFO org.apache.hadoop.mapred.LocalJobRunner: map
2014-06-22 01:08:21,893 INFO org.apache.hadoop.mapred.Task: Task 'attempt_local70582660_0001_m_000000_0' done.
2014-06-22 01:08:21,894 INFO org.apache.hadoop.mapred.LocalJobRunner: Finishing task: attempt_local70582660_0001_m_000000_0
2014-06-22 01:08:21,895 INFO org.apache.hadoop.mapred.LocalJobRunner: Starting task: attempt_local70582660_0001_m_000001_0
2014-06-22 01:08:21,972 INFO org.apache.hadoop.mapred.Task:  Using ResourceCalculatorProcessTree : [ ]
2014-06-22 01:08:21,983 INFO org.apache.hadoop.mapred.MapTask: Processing split: file:/home/cloudera/git/synonym-search-hadoop/SynonymMapReduce/input/dictionary1:0+1408980
2014-06-22 01:08:21,983 INFO org.apache.hadoop.mapred.MapTask: Map output collector class = org.apache.hadoop.mapred.MapTask$MapOutputBuffer
2014-06-22 01:08:22,041 INFO org.apache.hadoop.mapred.MapTask: (EQUATOR) 0 kvi 26214396(104857584)
2014-06-22 01:08:22,041 INFO org.apache.hadoop.mapred.MapTask: mapreduce.task.io.sort.mb: 100
2014-06-22 01:08:22,041 INFO org.apache.hadoop.mapred.MapTask: soft limit at 83886080
2014-06-22 01:08:22,041 INFO org.apache.hadoop.mapred.MapTask: bufstart = 0; bufvoid = 104857600
2014-06-22 01:08:22,042 INFO org.apache.hadoop.mapred.MapTask: kvstart = 26214396; length = 6553600
2014-06-22 01:08:22,245 INFO org.apache.hadoop.mapred.LocalJobRunner: 
2014-06-22 01:08:22,257 INFO org.apache.hadoop.mapred.MapTask: Starting flush of map output
2014-06-22 01:08:22,257 INFO org.apache.hadoop.mapred.MapTask: Spilling map output
2014-06-22 01:08:22,257 INFO org.apache.hadoop.mapred.MapTask: bufstart = 0; bufend = 145; bufvoid = 104857600
2014-06-22 01:08:22,257 INFO org.apache.hadoop.mapred.MapTask: kvstart = 26214396(104857584); kvend = 26214368(104857472); length = 29/6553600
2014-06-22 01:08:22,288 INFO org.apache.hadoop.mapred.MapTask: Finished spill 0
2014-06-22 01:08:22,293 INFO org.apache.hadoop.mapred.Task: Task:attempt_local70582660_0001_m_000001_0 is done. And is in the process of committing
2014-06-22 01:08:22,296 INFO org.apache.hadoop.mapred.LocalJobRunner: 
2014-06-22 01:08:22,297 INFO org.apache.hadoop.mapred.Task: Task attempt_local70582660_0001_m_000001_0 is allowed to commit now
2014-06-22 01:08:22,304 WARN org.apache.hadoop.mapreduce.lib.output.FileOutputCommitter: No Output found for attempt_local70582660_0001_m_000001_0
2014-06-22 01:08:22,324 INFO org.apache.hadoop.mapred.LocalJobRunner: map
2014-06-22 01:08:22,326 INFO org.apache.hadoop.mapred.Task: Task 'attempt_local70582660_0001_m_000001_0' done.
2014-06-22 01:08:22,326 INFO org.apache.hadoop.mapred.LocalJobRunner: Finishing task: attempt_local70582660_0001_m_000001_0
2014-06-22 01:08:22,326 INFO org.apache.hadoop.mapred.LocalJobRunner: map task executor complete.
2014-06-22 01:08:22,340 INFO org.apache.hadoop.mapred.LocalJobRunner: Waiting for reduce tasks
2014-06-22 01:08:22,345 INFO org.apache.hadoop.mapred.LocalJobRunner: Starting task: attempt_local70582660_0001_r_000000_0
2014-06-22 01:08:22,397 INFO org.apache.hadoop.mapred.Task:  Using ResourceCalculatorProcessTree : [ ]
2014-06-22 01:08:22,403 INFO org.apache.hadoop.mapred.ReduceTask: Using ShuffleConsumerPlugin: org.apache.hadoop.mapreduce.task.reduce.Shuffle@559cd8ea
2014-06-22 01:08:22,421 INFO org.apache.hadoop.mapreduce.task.reduce.MergeManagerImpl: MergerManager: memoryLimit=1284138624, maxSingleShuffleLimit=321034656, mergeThreshold=847531520, ioSortFactor=10, memToMemMergeOutputsThreshold=10
2014-06-22 01:08:22,432 INFO org.apache.hadoop.mapreduce.task.reduce.EventFetcher: attempt_local70582660_0001_r_000000_0 Thread started: EventFetcher for fetching Map Completion Events
2014-06-22 01:08:22,492 INFO org.apache.hadoop.mapreduce.task.reduce.LocalFetcher: localfetcher#1 about to shuffle output of map attempt_local70582660_0001_m_000000_0 decomp: 2 len: 6 to MEMORY
2014-06-22 01:08:22,499 INFO org.apache.hadoop.mapreduce.task.reduce.InMemoryMapOutput: Read 2 bytes from map-output for attempt_local70582660_0001_m_000000_0
2014-06-22 01:08:22,507 INFO org.apache.hadoop.mapreduce.task.reduce.MergeManagerImpl: closeInMemoryFile -> map-output of size: 2, inMemoryMapOutputs.size() -> 1, commitMemory -> 0, usedMemory ->2
2014-06-22 01:08:22,514 INFO org.apache.hadoop.mapreduce.task.reduce.LocalFetcher: localfetcher#1 about to shuffle output of map attempt_local70582660_0001_m_000001_0 decomp: 163 len: 167 to MEMORY
2014-06-22 01:08:22,515 INFO org.apache.hadoop.mapreduce.task.reduce.InMemoryMapOutput: Read 163 bytes from map-output for attempt_local70582660_0001_m_000001_0
2014-06-22 01:08:22,515 INFO org.apache.hadoop.mapreduce.task.reduce.MergeManagerImpl: closeInMemoryFile -> map-output of size: 163, inMemoryMapOutputs.size() -> 2, commitMemory -> 2, usedMemory ->165
2014-06-22 01:08:22,516 INFO org.apache.hadoop.mapreduce.task.reduce.EventFetcher: EventFetcher is interrupted.. Returning
2014-06-22 01:08:22,516 INFO org.apache.hadoop.mapred.LocalJobRunner: 2 / 2 copied.
2014-06-22 01:08:22,517 INFO org.apache.hadoop.mapreduce.task.reduce.MergeManagerImpl: finalMerge called with 2 in-memory map-outputs and 0 on-disk map-outputs
2014-06-22 01:08:22,528 INFO org.apache.hadoop.mapred.Merger: Merging 2 sorted segments
2014-06-22 01:08:22,530 INFO org.apache.hadoop.mapred.Merger: Down to the last merge-pass, with 1 segments left of total size: 151 bytes
2014-06-22 01:08:22,534 INFO org.apache.hadoop.mapreduce.task.reduce.MergeManagerImpl: Merged 2 segments, 165 bytes to disk to satisfy reduce memory limit
2014-06-22 01:08:22,534 INFO org.apache.hadoop.mapreduce.task.reduce.MergeManagerImpl: Merging 1 files, 167 bytes from disk
2014-06-22 01:08:22,536 INFO org.apache.hadoop.mapreduce.task.reduce.MergeManagerImpl: Merging 0 segments, 0 bytes from memory into reduce
2014-06-22 01:08:22,538 INFO org.apache.hadoop.mapred.Merger: Merging 1 sorted segments
2014-06-22 01:08:22,539 INFO org.apache.hadoop.mapred.Merger: Down to the last merge-pass, with 1 segments left of total size: 151 bytes
2014-06-22 01:08:22,539 INFO org.apache.hadoop.mapred.LocalJobRunner: 2 / 2 copied.
2014-06-22 01:08:22,564 INFO org.apache.hadoop.conf.Configuration.deprecation: mapred.output.key.class is deprecated. Instead, use mapreduce.job.output.key.class
2014-06-22 01:08:22,567 INFO org.apache.hadoop.conf.Configuration.deprecation: mapred.output.value.class is deprecated. Instead, use mapreduce.job.output.value.class
2014-06-22 01:08:22,923 INFO org.apache.hadoop.conf.Configuration.deprecation: mapred.skip.on is deprecated. Instead, use mapreduce.job.skiprecords
2014-06-22 01:08:23,325 INFO org.apache.hadoop.mapred.Task: Task:attempt_local70582660_0001_r_000000_0 is done. And is in the process of committing
2014-06-22 01:08:23,329 INFO org.apache.hadoop.mapred.LocalJobRunner: 2 / 2 copied.
2014-06-22 01:08:23,329 INFO org.apache.hadoop.mapred.Task: Task attempt_local70582660_0001_r_000000_0 is allowed to commit now
2014-06-22 01:08:23,342 INFO org.apache.hadoop.mapreduce.lib.output.FileOutputCommitter: Saved output of task 'attempt_local70582660_0001_r_000000_0' to hdfs://localhost.localdomain:8020/user/hive/warehouse/synonym/_TEMP/_temporary/0/task_local70582660_0001_r_000000
2014-06-22 01:08:23,343 INFO org.apache.hadoop.mapred.LocalJobRunner: reduce > reduce
2014-06-22 01:08:23,344 INFO org.apache.hadoop.mapred.Task: Task 'attempt_local70582660_0001_r_000000_0' done.
2014-06-22 01:08:23,344 INFO org.apache.hadoop.mapred.LocalJobRunner: Finishing task: attempt_local70582660_0001_r_000000_0
2014-06-22 01:08:23,344 INFO org.apache.hadoop.mapred.LocalJobRunner: reduce task executor complete.
2014-06-22 01:08:23,436 INFO org.apache.hive.hcatalog.mapreduce.FileOutputCommitterContainer: Cancelling deletgation token for the job.
2014-06-22 01:08:23,476 WARN org.apache.hadoop.conf.Configuration: file:/tmp/hadoop-cloudera/mapred/local/localRunner/cloudera/job_local70582660_0001/job_local70582660_0001.xml:an attempt to override final parameter: mapreduce.job.end-notification.max.retry.interval;  Ignoring.
2014-06-22 01:08:23,477 WARN org.apache.hadoop.conf.Configuration: file:/tmp/hadoop-cloudera/mapred/local/localRunner/cloudera/job_local70582660_0001/job_local70582660_0001.xml:an attempt to override final parameter: mapreduce.job.end-notification.max.attempts;  Ignoring.
2014-06-22 01:08:23,504 WARN org.apache.hadoop.hive.conf.HiveConf: DEPRECATED: Configuration property hive.metastore.local no longer has any effect. Make sure to provide a valid value for hive.metastore.uris if you are connecting to a remote metastore.
2014-06-22 01:08:23,518 INFO hive.metastore: Trying to connect to metastore with URI thrift://localhost.localdomain:9083
2014-06-22 01:08:23,526 INFO hive.metastore: Connected to metastore.
